2025-06-22 17:54:36,800:WARNING:
'cuml' is a soft dependency and not included in the pycaret installation. Please run: `pip install cuml` to install.
2025-06-22 17:54:36,800:WARNING:
'cuml' is a soft dependency and not included in the pycaret installation. Please run: `pip install cuml` to install.
2025-06-22 17:54:36,800:WARNING:
'cuml' is a soft dependency and not included in the pycaret installation. Please run: `pip install cuml` to install.
2025-06-22 17:54:36,800:WARNING:
'cuml' is a soft dependency and not included in the pycaret installation. Please run: `pip install cuml` to install.
2025-06-22 17:54:51,659:INFO:Initializing load_model()
2025-06-22 17:54:51,660:INFO:load_model(model_name=/Users/dark/asi_project/app/model/final_model, platform=None, authentication=None, verbose=True)
2025-06-22 17:54:51,747:INFO:Initializing predict_model()
2025-06-22 17:54:51,747:INFO:predict_model(self=<pycaret.regression.oop.RegressionExperiment object at 0x304001310>, estimator=Pipeline(memory=Memory(location=None),
         steps=[('numerical_imputer',
                 TransformerWrapper(include=['Duration', 'Body_Temp',
                                             'Heart_Rate', 'Age'],
                                    transformer=SimpleImputer())),
                ('categorical_imputer',
                 TransformerWrapper(include=[],
                                    transformer=SimpleImputer(strategy='most_frequent'))),
                ('actual_estimator',
                 LGBMRegressor(bagging_fraction=0.6, bagging_freq=5,
                               feature_fraction=0.8, learning_rate=0.05,
                               min_child_samples=86, min_split_gain=0.9,
                               n_estimators=130, n_jobs=-1, num_leaves=40,
                               random_state=42, reg_alpha=2,
                               reg_lambda=0.001))]), probability_threshold=None, encoded_labels=False, raw_score=False, round=4, verbose=True, ml_usecase=None, preprocess=True, encode_labels=<function _SupervisedExperiment.predict_model.<locals>.encode_labels at 0x303deba60>)
2025-06-22 17:54:51,747:INFO:Checking exceptions
2025-06-22 17:54:51,747:INFO:Preloading libraries
2025-06-22 17:54:51,747:INFO:Set up data.
2025-06-22 17:54:51,752:INFO:Set up index.
